<?xml version="1.0" encoding="UTF-8"?>
<testsuite name="org.ll.MyArrayList.MyArrayListTest" tests="1" skipped="0" failures="0" errors="0" timestamp="2023-04-19T05:37:59" hostname="DESKTOP-JRQH0G1" time="0.014">
  <properties/>
  <testcase name="testAdd()" classname="org.ll.MyArrayList.MyArrayListTest" time="0.014"/>
  <system-out><![CDATA[]]></system-out>
  <system-err><![CDATA[]]></system-err>
</testsuite>
